<?xml version="1.0" encoding="UTF-8"?>
<coverage generated="1591281252437" clover="3.2.0">
  <project timestamp="1591281252437" name="All files">
    <metrics statements="96" coveredstatements="96" conditionals="50" coveredconditionals="50" methods="35" coveredmethods="35" elements="181" coveredelements="181" complexity="0" loc="96" ncloc="96" packages="2" files="5" classes="5">
      <package name="components.Notification">
        <metrics statements="85" coveredstatements="85" conditionals="42" coveredconditionals="42" methods="33" coveredmethods="33"/>
        <file name="NotificationItem.vue" path="/Users/arash/Documents/work/vue-notyfy/src/components/Notification/NotificationItem.vue">
          <metrics statements="25" coveredstatements="25" conditionals="18" coveredconditionals="18" methods="15" coveredmethods="15"/>
          <line num="36" count="2" type="stmt"/>
          <line num="37" count="2" type="stmt"/>
          <line num="38" count="2" type="stmt"/>
          <line num="40" count="2" type="stmt"/>
          <line num="68" count="38" type="stmt"/>
          <line num="72" count="47" type="stmt"/>
          <line num="78" count="79" type="stmt"/>
          <line num="90" count="47" type="cond" truecount="2" falsecount="0"/>
          <line num="93" count="47" type="stmt"/>
          <line num="98" count="141" type="stmt"/>
          <line num="100" count="47" type="cond" truecount="4" falsecount="0"/>
          <line num="105" count="19" type="stmt"/>
          <line num="107" count="19" type="cond" truecount="2" falsecount="0"/>
          <line num="112" count="47" type="cond" truecount="2" falsecount="0"/>
          <line num="116" count="715" type="cond" truecount="4" falsecount="0"/>
          <line num="119" count="79" type="stmt"/>
          <line num="124" count="83" type="stmt"/>
          <line num="125" count="79" type="stmt"/>
          <line num="126" count="79" type="stmt"/>
          <line num="127" count="118" type="cond" truecount="2" falsecount="0"/>
          <line num="128" count="40" type="stmt"/>
          <line num="129" count="8" type="stmt"/>
          <line num="133" count="1" type="stmt"/>
          <line num="134" count="1" type="stmt"/>
          <line num="137" count="7" type="stmt"/>
        </file>
        <file name="index.js" path="/Users/arash/Documents/work/vue-notyfy/src/components/Notification/index.js">
          <metrics statements="60" coveredstatements="60" conditionals="24" coveredconditionals="24" methods="18" coveredmethods="18"/>
          <line num="10" count="1" type="stmt"/>
          <line num="13" count="1" type="stmt"/>
          <line num="14" count="1" type="stmt"/>
          <line num="16" count="1" type="cond" truecount="1" falsecount="0"/>
          <line num="17" count="17" type="cond" truecount="2" falsecount="0"/>
          <line num="18" count="17" type="stmt"/>
          <line num="19" count="17" type="stmt"/>
          <line num="20" count="17" type="stmt"/>
          <line num="21" count="17" type="stmt"/>
          <line num="23" count="17" type="stmt"/>
          <line num="31" count="17" type="stmt"/>
          <line num="32" count="15" type="cond" truecount="2" falsecount="0"/>
          <line num="33" count="14" type="stmt"/>
          <line num="38" count="17" type="stmt"/>
          <line num="40" count="17" type="stmt"/>
          <line num="41" count="17" type="stmt"/>
          <line num="42" count="17" type="stmt"/>
          <line num="44" count="17" type="stmt"/>
          <line num="45" count="17" type="stmt"/>
          <line num="48" count="17" type="stmt"/>
          <line num="49" count="17" type="stmt"/>
          <line num="52" count="1" type="stmt"/>
          <line num="53" count="5" type="stmt"/>
          <line num="54" count="9" type="cond" truecount="2" falsecount="0"/>
          <line num="55" count="1" type="stmt"/>
          <line num="59" count="9" type="stmt"/>
          <line num="60" count="9" type="stmt"/>
          <line num="64" count="1" type="stmt"/>
          <line num="65" count="18" type="stmt"/>
          <line num="66" count="19" type="stmt"/>
          <line num="67" count="18" type="cond" truecount="2" falsecount="0"/>
          <line num="69" count="17" type="stmt"/>
          <line num="70" count="17" type="stmt"/>
          <line num="72" count="17" type="cond" truecount="2" falsecount="0"/>
          <line num="74" count="3" type="stmt"/>
          <line num="75" count="3" type="stmt"/>
          <line num="78" count="3" type="stmt"/>
          <line num="79" count="3" type="cond" truecount="2" falsecount="0"/>
          <line num="80" count="2" type="stmt"/>
          <line num="88" count="1" type="stmt"/>
          <line num="89" count="14" type="stmt"/>
          <line num="90" count="6" type="stmt"/>
          <line num="102" count="17" type="stmt"/>
          <line num="104" count="68" type="stmt"/>
          <line num="109" count="17" type="stmt"/>
          <line num="110" count="68" type="stmt"/>
          <line num="115" count="17" type="stmt"/>
          <line num="116" count="3" type="stmt"/>
          <line num="118" count="2" type="stmt"/>
          <line num="119" count="2" type="stmt"/>
          <line num="125" count="17" type="cond" truecount="2" falsecount="0"/>
          <line num="126" count="17" type="stmt"/>
          <line num="133" count="17" type="cond" truecount="2" falsecount="0"/>
          <line num="134" count="11" type="stmt"/>
          <line num="135" count="11" type="stmt"/>
          <line num="136" count="11" type="stmt"/>
          <line num="137" count="11" type="cond" truecount="4" falsecount="0"/>
          <line num="138" count="1" type="stmt"/>
          <line num="142" count="11" type="cond" truecount="2" falsecount="0"/>
          <line num="144" count="1" type="stmt"/>
        </file>
      </package>
      <package name="mixins">
        <metrics statements="11" coveredstatements="11" conditionals="8" coveredconditionals="8" methods="2" coveredmethods="2"/>
        <file name="colorable.js" path="/Users/arash/Documents/work/vue-notyfy/src/mixins/colorable.js">
          <metrics statements="6" coveredstatements="6" conditionals="6" coveredconditionals="6" methods="1" coveredmethods="1"/>
          <line num="2" count="70" type="cond" truecount="2" falsecount="0"/>
          <line num="5" count="3" type="stmt"/>
          <line num="11" count="68" type="cond" truecount="2" falsecount="0"/>
          <line num="12" count="35" type="stmt"/>
          <line num="18" count="2" type="cond" truecount="2" falsecount="0"/>
          <line num="19" count="1" type="stmt"/>
        </file>
        <file name="positionable.js" path="/Users/arash/Documents/work/vue-notyfy/src/mixins/positionable.js">
          <metrics statements="1" coveredstatements="1" conditionals="0" coveredconditionals="0" methods="0" coveredmethods="0"/>
          <line num="1" count="3" type="stmt"/>
        </file>
        <file name="toggleable.js" path="/Users/arash/Documents/work/vue-notyfy/src/mixins/toggleable.js">
          <metrics statements="4" coveredstatements="4" conditionals="2" coveredconditionals="2" methods="1" coveredmethods="1"/>
          <line num="1" count="3" type="stmt"/>
          <line num="9" count="52" type="stmt"/>
          <line num="15" count="69" type="stmt"/>
          <line num="20" count="33" type="cond" truecount="2" falsecount="0"/>
        </file>
      </package>
    </metrics>
  </project>
</coverage>
