{"/Users/arash/Documents/work/vue-notyfy/src/components/Notification/NotificationItem.vue": {"path":"/Users/arash/Documents/work/vue-notyfy/src/components/Notification/NotificationItem.vue","statementMap":{"0":{"start":{"line":36,"column":0},"end":{"line":null,"column":-1}},"1":{"start":{"line":37,"column":0},"end":{"line":null,"column":-1}},"2":{"start":{"line":38,"column":0},"end":{"line":null,"column":-1}},"3":{"start":{"line":40,"column":0},"end":{"line":null,"column":-1}},"4":{"start":{"line":68,"column":0},"end":{"line":null,"column":-1}},"5":{"start":{"line":72,"column":0},"end":{"line":null,"column":-1}},"6":{"start":{"line":78,"column":0},"end":{"line":null,"column":-1}},"7":{"start":{"line":90,"column":0},"end":{"line":null,"column":-1}},"8":{"start":{"line":93,"column":0},"end":{"line":null,"column":-1}},"9":{"start":{"line":98,"column":0},"end":{"line":null,"column":-1}},"10":{"start":{"line":100,"column":0},"end":{"line":102,"column":0}},"11":{"start":{"line":105,"column":0},"end":{"line":null,"column":-1}},"12":{"start":{"line":107,"column":0},"end":{"line":null,"column":-1}},"13":{"start":{"line":112,"column":0},"end":{"line":null,"column":-1}},"14":{"start":{"line":116,"column":0},"end":{"line":null,"column":-1}},"15":{"start":{"line":119,"column":0},"end":{"line":null,"column":-1}},"16":{"start":{"line":124,"column":0},"end":{"line":null,"column":-1}},"17":{"start":{"line":125,"column":0},"end":{"line":null,"column":-1}},"18":{"start":{"line":126,"column":0},"end":{"line":null,"column":-1}},"19":{"start":{"line":127,"column":0},"end":{"line":null,"column":-1}},"20":{"start":{"line":128,"column":0},"end":{"line":130,"column":0}},"21":{"start":{"line":129,"column":0},"end":{"line":null,"column":-1}},"22":{"start":{"line":133,"column":0},"end":{"line":null,"column":-1}},"23":{"start":{"line":134,"column":0},"end":{"line":null,"column":-1}},"24":{"start":{"line":137,"column":0},"end":{"line":null,"column":-1}}},"fnMap":{"0":{"name":"_default","decl":{"start":{"line":68,"column":0},"end":{"line":null,"column":-1}},"loc":{"start":{"line":68,"column":0},"end":{"line":null,"column":-1}}},"1":{"name":"data","decl":{"start":{"line":72,"column":0},"end":{"line":null,"column":-1}},"loc":{"start":{"line":72,"column":0},"end":{"line":null,"column":-1}}},"2":{"name":"classes","decl":{"start":{"line":77,"column":0},"end":{"line":null,"column":-1}},"loc":{"start":{"line":77,"column":0},"end":{"line":88,"column":0}}},"3":{"name":"verticalProperty","decl":{"start":{"line":89,"column":0},"end":{"line":null,"column":-1}},"loc":{"start":{"line":89,"column":0},"end":{"line":91,"column":0}}},"4":{"name":"positionStyle","decl":{"start":{"line":92,"column":0},"end":{"line":null,"column":-1}},"loc":{"start":{"line":92,"column":0},"end":{"line":97,"column":0}}},"5":{"name":"wrapperStyle","decl":{"start":{"line":98,"column":0},"end":{"line":null,"column":-1}},"loc":{"start":{"line":98,"column":0},"end":{"line":104,"column":0}}},"6":{"name":"iconStyle","decl":{"start":{"line":105,"column":0},"end":{"line":null,"column":-1}},"loc":{"start":{"line":105,"column":0},"end":{"line":110,"column":0}}},"7":{"name":"iconType","decl":{"start":{"line":111,"column":0},"end":{"line":null,"column":-1}},"loc":{"start":{"line":111,"column":0},"end":{"line":113,"column":0}}},"8":{"name":"(anonymous_14)","decl":{"start":{"line":117,"column":0},"end":{"line":null,"column":-1}},"loc":{"start":{"line":117,"column":0},"end":{"line":116,"column":0}}},"9":{"name":"_callee","decl":{"start":{"line":116,"column":0},"end":{"line":null,"column":-1}},"loc":{"start":{"line":116,"column":0},"end":{"line":null,"column":-1}}},"10":{"name":"(anonymous_18)","decl":{"start":{"line":125,"column":0},"end":{"line":null,"column":-1}},"loc":{"start":{"line":125,"column":0},"end":{"line":124,"column":0}}},"11":{"name":"setTimeout","decl":{"start":{"line":124,"column":0},"end":{"line":null,"column":-1}},"loc":{"start":{"line":124,"column":0},"end":{"line":null,"column":-1}}},"12":{"name":"(anonymous_22)","decl":{"start":{"line":128,"column":0},"end":{"line":null,"column":-1}},"loc":{"start":{"line":128,"column":0},"end":{"line":130,"column":0}}},"13":{"name":"destroyElement","decl":{"start":{"line":132,"column":0},"end":{"line":null,"column":-1}},"loc":{"start":{"line":132,"column":0},"end":{"line":135,"column":0}}},"14":{"name":"close","decl":{"start":{"line":136,"column":0},"end":{"line":null,"column":-1}},"loc":{"start":{"line":136,"column":0},"end":{"line":138,"column":0}}}},"branchMap":{"0":{"loc":{"start":{"line":82,"column":0},"end":{"line":null,"column":-1}},"type":"binary-expr","locations":[{"start":{"line":82,"column":0},"end":{"line":null,"column":-1}},{"start":{"line":82,"column":0},"end":{"line":null,"column":-1}}]},"1":{"loc":{"start":{"line":90,"column":0},"end":{"line":null,"column":-1}},"type":"cond-expr","locations":[{"start":{"line":90,"column":0},"end":{"line":null,"column":-1}},{"start":{"line":90,"column":0},"end":{"line":null,"column":-1}}]},"2":{"loc":{"start":{"line":100,"column":0},"end":{"line":null,"column":-1}},"type":"binary-expr","locations":[{"start":{"line":100,"column":0},"end":{"line":null,"column":-1}},{"start":{"line":100,"column":0},"end":{"line":null,"column":-1}}]},"3":{"loc":{"start":{"line":100,"column":0},"end":{"line":null,"column":-1}},"type":"binary-expr","locations":[{"start":{"line":100,"column":0},"end":{"line":null,"column":-1}},{"start":{"line":100,"column":0},"end":{"line":102,"column":0}}]},"4":{"loc":{"start":{"line":107,"column":0},"end":{"line":null,"column":-1}},"type":"binary-expr","locations":[{"start":{"line":107,"column":0},"end":{"line":null,"column":-1}},{"start":{"line":107,"column":0},"end":{"line":null,"column":-1}}]},"5":{"loc":{"start":{"line":112,"column":0},"end":{"line":null,"column":-1}},"type":"binary-expr","locations":[{"start":{"line":112,"column":0},"end":{"line":null,"column":-1}},{"start":{"line":112,"column":0},"end":{"line":null,"column":-1}}]},"6":{"loc":{"start":{"line":116,"column":0},"end":{"line":null,"column":-1}},"type":"switch","locations":[{"start":{"line":116,"column":0},"end":{"line":null,"column":-1}},{"start":{"line":116,"column":0},"end":{"line":119,"column":0}},{"start":{"line":116,"column":0},"end":{"line":null,"column":-1}},{"start":{"line":116,"column":0},"end":{"line":null,"column":-1}}]},"7":{"loc":{"start":{"line":127,"column":0},"end":{"line":null,"column":-1}},"type":"if","locations":[{"start":{"line":127,"column":0},"end":{"line":null,"column":-1}},{"start":{"line":127,"column":0},"end":{"line":null,"column":-1}}]}},"s":{"0":2,"1":2,"2":2,"3":2,"4":38,"5":47,"6":79,"7":47,"8":47,"9":141,"10":47,"11":19,"12":19,"13":47,"14":715,"15":79,"16":83,"17":79,"18":79,"19":118,"20":40,"21":8,"22":1,"23":1,"24":7},"f":{"0":38,"1":47,"2":79,"3":47,"4":47,"5":47,"6":19,"7":47,"8":2,"9":316,"10":2,"11":158,"12":8,"13":1,"14":7},"b":{"0":[79,77],"1":[10,37],"2":[47,47],"3":[47,45],"4":[19,19],"5":[47,18],"6":[79,79,79,79],"7":[118,96]}}
,"/Users/arash/Documents/work/vue-notyfy/src/components/Notification/index.js": {"path":"/Users/arash/Documents/work/vue-notyfy/src/components/Notification/index.js","statementMap":{"0":{"start":{"line":10,"column":32},"end":{"line":10,"column":60}},"1":{"start":{"line":13,"column":16},"end":{"line":13,"column":18}},"2":{"start":{"line":14,"column":11},"end":{"line":14,"column":12}},"3":{"start":{"line":16,"column":21},"end":{"line":50,"column":1}},"4":{"start":{"line":17,"column":18},"end":{"line":17,"column":44}},"5":{"start":{"line":18,"column":23},"end":{"line":18,"column":62}},"6":{"start":{"line":19,"column":13},"end":{"line":19,"column":37}},"7":{"start":{"line":20,"column":20},"end":{"line":20,"column":57}},"8":{"start":{"line":21,"column":23},"end":{"line":21,"column":49}},"9":{"start":{"line":23,"column":2},"end":{"line":36,"column":5}},"10":{"start":{"line":31,"column":6},"end":{"line":34,"column":9}},"11":{"start":{"line":32,"column":8},"end":{"line":32,"column":26}},"12":{"start":{"line":32,"column":19},"end":{"line":32,"column":26}},"13":{"start":{"line":33,"column":8},"end":{"line":33,"column":31}},"14":{"start":{"line":38,"column":2},"end":{"line":38,"column":19}},"15":{"start":{"line":40,"column":2},"end":{"line":40,"column":20}},"16":{"start":{"line":41,"column":2},"end":{"line":41,"column":42}},"17":{"start":{"line":42,"column":2},"end":{"line":42,"column":24}},"18":{"start":{"line":44,"column":2},"end":{"line":46,"column":5}},"19":{"start":{"line":45,"column":4},"end":{"line":45,"column":32}},"20":{"start":{"line":48,"column":2},"end":{"line":48,"column":27}},"21":{"start":{"line":49,"column":2},"end":{"line":49,"column":18}},"22":{"start":{"line":52,"column":0},"end":{"line":62,"column":3}},"23":{"start":{"line":53,"column":2},"end":{"line":61,"column":4}},"24":{"start":{"line":54,"column":4},"end":{"line":58,"column":5}},"25":{"start":{"line":55,"column":6},"end":{"line":57,"column":8}},"26":{"start":{"line":59,"column":4},"end":{"line":59,"column":23}},"27":{"start":{"line":60,"column":4},"end":{"line":60,"column":32}},"28":{"start":{"line":64,"column":0},"end":{"line":86,"column":2}},"29":{"start":{"line":65,"column":26},"end":{"line":65,"column":42}},"30":{"start":{"line":66,"column":19},"end":{"line":66,"column":67}},"31":{"start":{"line":66,"column":48},"end":{"line":66,"column":66}},"32":{"start":{"line":67,"column":2},"end":{"line":67,"column":24}},"33":{"start":{"line":67,"column":17},"end":{"line":67,"column":24}},"34":{"start":{"line":69,"column":24},"end":{"line":69,"column":77}},"35":{"start":{"line":69,"column":58},"end":{"line":69,"column":76}},"36":{"start":{"line":70,"column":2},"end":{"line":70,"column":37}},"37":{"start":{"line":72,"column":2},"end":{"line":72,"column":35}},"38":{"start":{"line":72,"column":28},"end":{"line":72,"column":35}},"39":{"start":{"line":74,"column":19},"end":{"line":74,"column":36}},"40":{"start":{"line":75,"column":24},"end":{"line":75,"column":49}},"41":{"start":{"line":78,"column":2},"end":{"line":85,"column":3}},"42":{"start":{"line":79,"column":4},"end":{"line":79,"column":51}},"43":{"start":{"line":79,"column":44},"end":{"line":79,"column":51}},"44":{"start":{"line":80,"column":4},"end":{"line":84,"column":9}},"45":{"start":{"line":88,"column":0},"end":{"line":92,"column":2}},"46":{"start":{"line":89,"column":2},"end":{"line":91,"column":3}},"47":{"start":{"line":90,"column":4},"end":{"line":90,"column":25}},"48":{"start":{"line":102,"column":2},"end":{"line":105,"column":4}},"49":{"start":{"line":104,"column":44},"end":{"line":104,"column":66}},"50":{"start":{"line":109,"column":2},"end":{"line":111,"column":15}},"51":{"start":{"line":110,"column":21},"end":{"line":110,"column":35}},"52":{"start":{"line":115,"column":2},"end":{"line":120,"column":15}},"53":{"start":{"line":116,"column":22},"end":{"line":116,"column":48}},"54":{"start":{"line":118,"column":6},"end":{"line":118,"column":43}},"55":{"start":{"line":119,"column":6},"end":{"line":119,"column":20}},"56":{"start":{"line":125,"column":4},"end":{"line":125,"column":61}},"57":{"start":{"line":126,"column":16},"end":{"line":131,"column":3}},"58":{"start":{"line":133,"column":2},"end":{"line":133,"column":63}},"59":{"start":{"line":133,"column":28},"end":{"line":133,"column":63}},"60":{"start":{"line":134,"column":22},"end":{"line":134,"column":39}},"61":{"start":{"line":135,"column":14},"end":{"line":135,"column":16}},"62":{"start":{"line":136,"column":2},"end":{"line":140,"column":5}},"63":{"start":{"line":137,"column":4},"end":{"line":139,"column":5}},"64":{"start":{"line":138,"column":6},"end":{"line":138,"column":33}},"65":{"start":{"line":142,"column":2},"end":{"line":142,"column":41}},"66":{"start":{"line":142,"column":20},"end":{"line":142,"column":41}},"67":{"start":{"line":144,"column":2},"end":{"line":147,"column":5}}},"fnMap":{"0":{"name":"(anonymous_0)","decl":{"start":{"line":16,"column":21},"end":{"line":16,"column":22}},"loc":{"start":{"line":16,"column":38},"end":{"line":50,"column":1}},"line":16},"1":{"name":"(anonymous_1)","decl":{"start":{"line":31,"column":24},"end":{"line":31,"column":25}},"loc":{"start":{"line":31,"column":35},"end":{"line":34,"column":7}},"line":31},"2":{"name":"(anonymous_2)","decl":{"start":{"line":44,"column":21},"end":{"line":44,"column":22}},"loc":{"start":{"line":44,"column":27},"end":{"line":46,"column":3}},"line":44},"3":{"name":"(anonymous_3)","decl":{"start":{"line":52,"column":27},"end":{"line":52,"column":28}},"loc":{"start":{"line":52,"column":37},"end":{"line":62,"column":1}},"line":52},"4":{"name":"(anonymous_4)","decl":{"start":{"line":53,"column":23},"end":{"line":53,"column":24}},"loc":{"start":{"line":53,"column":35},"end":{"line":61,"column":3}},"line":53},"5":{"name":"(anonymous_5)","decl":{"start":{"line":64,"column":21},"end":{"line":64,"column":22}},"loc":{"start":{"line":64,"column":29},"end":{"line":86,"column":1}},"line":64},"6":{"name":"(anonymous_6)","decl":{"start":{"line":66,"column":34},"end":{"line":66,"column":35}},"loc":{"start":{"line":66,"column":48},"end":{"line":66,"column":66}},"line":66},"7":{"name":"(anonymous_7)","decl":{"start":{"line":69,"column":44},"end":{"line":69,"column":45}},"loc":{"start":{"line":69,"column":58},"end":{"line":69,"column":76}},"line":69},"8":{"name":"(anonymous_8)","decl":{"start":{"line":88,"column":24},"end":{"line":88,"column":25}},"loc":{"start":{"line":88,"column":30},"end":{"line":92,"column":1}},"line":88},"9":{"name":"getPositionsFromOptions","decl":{"start":{"line":101,"column":9},"end":{"line":101,"column":32}},"loc":{"start":{"line":101,"column":42},"end":{"line":106,"column":1}},"line":101},"10":{"name":"(anonymous_10)","decl":{"start":{"line":104,"column":34},"end":{"line":104,"column":35}},"loc":{"start":{"line":104,"column":44},"end":{"line":104,"column":66}},"line":104},"11":{"name":"setPositionName","decl":{"start":{"line":108,"column":9},"end":{"line":108,"column":24}},"loc":{"start":{"line":108,"column":37},"end":{"line":112,"column":1}},"line":108},"12":{"name":"(anonymous_12)","decl":{"start":{"line":110,"column":12},"end":{"line":110,"column":13}},"loc":{"start":{"line":110,"column":21},"end":{"line":110,"column":35}},"line":110},"13":{"name":"getVerticalOffset","decl":{"start":{"line":114,"column":9},"end":{"line":114,"column":26}},"loc":{"start":{"line":114,"column":65},"end":{"line":121,"column":1}},"line":114},"14":{"name":"(anonymous_14)","decl":{"start":{"line":116,"column":12},"end":{"line":116,"column":13}},"loc":{"start":{"line":116,"column":22},"end":{"line":116,"column":48}},"line":116},"15":{"name":"(anonymous_15)","decl":{"start":{"line":117,"column":12},"end":{"line":117,"column":13}},"loc":{"start":{"line":117,"column":30},"end":{"line":120,"column":5}},"line":117},"16":{"name":"mergeOptionsWithParams","decl":{"start":{"line":123,"column":9},"end":{"line":123,"column":31}},"loc":{"start":{"line":123,"column":50},"end":{"line":148,"column":1}},"line":123},"17":{"name":"(anonymous_17)","decl":{"start":{"line":136,"column":43},"end":{"line":136,"column":44}},"loc":{"start":{"line":136,"column":59},"end":{"line":140,"column":3}},"line":136}},"branchMap":{"0":{"loc":{"start":{"line":16,"column":22},"end":{"line":16,"column":33}},"type":"default-arg","locations":[{"start":{"line":16,"column":31},"end":{"line":16,"column":33}}],"line":16},"1":{"loc":{"start":{"line":17,"column":18},"end":{"line":17,"column":44}},"type":"binary-expr","locations":[{"start":{"line":17,"column":18},"end":{"line":17,"column":38}},{"start":{"line":17,"column":42},"end":{"line":17,"column":44}}],"line":17},"2":{"loc":{"start":{"line":32,"column":8},"end":{"line":32,"column":26}},"type":"if","locations":[{"start":{"line":32,"column":8},"end":{"line":32,"column":26}},{"start":{"line":32,"column":8},"end":{"line":32,"column":26}}],"line":32},"3":{"loc":{"start":{"line":54,"column":4},"end":{"line":58,"column":5}},"type":"if","locations":[{"start":{"line":54,"column":4},"end":{"line":58,"column":5}},{"start":{"line":54,"column":4},"end":{"line":58,"column":5}}],"line":54},"4":{"loc":{"start":{"line":67,"column":2},"end":{"line":67,"column":24}},"type":"if","locations":[{"start":{"line":67,"column":2},"end":{"line":67,"column":24}},{"start":{"line":67,"column":2},"end":{"line":67,"column":24}}],"line":67},"5":{"loc":{"start":{"line":72,"column":2},"end":{"line":72,"column":35}},"type":"if","locations":[{"start":{"line":72,"column":2},"end":{"line":72,"column":35}},{"start":{"line":72,"column":2},"end":{"line":72,"column":35}}],"line":72},"6":{"loc":{"start":{"line":79,"column":4},"end":{"line":79,"column":51}},"type":"if","locations":[{"start":{"line":79,"column":4},"end":{"line":79,"column":51}},{"start":{"line":79,"column":4},"end":{"line":79,"column":51}}],"line":79},"7":{"loc":{"start":{"line":114,"column":51},"end":{"line":114,"column":61}},"type":"default-arg","locations":[{"start":{"line":114,"column":60},"end":{"line":114,"column":61}}],"line":114},"8":{"loc":{"start":{"line":125,"column":4},"end":{"line":125,"column":61}},"type":"cond-expr","locations":[{"start":{"line":125,"column":33},"end":{"line":125,"column":52}},{"start":{"line":125,"column":55},"end":{"line":125,"column":61}}],"line":125},"9":{"loc":{"start":{"line":133,"column":2},"end":{"line":133,"column":63}},"type":"if","locations":[{"start":{"line":133,"column":2},"end":{"line":133,"column":63}},{"start":{"line":133,"column":2},"end":{"line":133,"column":63}}],"line":133},"10":{"loc":{"start":{"line":137,"column":4},"end":{"line":139,"column":5}},"type":"if","locations":[{"start":{"line":137,"column":4},"end":{"line":139,"column":5}},{"start":{"line":137,"column":4},"end":{"line":139,"column":5}}],"line":137},"11":{"loc":{"start":{"line":137,"column":8},"end":{"line":137,"column":55}},"type":"binary-expr","locations":[{"start":{"line":137,"column":8},"end":{"line":137,"column":33}},{"start":{"line":137,"column":37},"end":{"line":137,"column":55}}],"line":137},"12":{"loc":{"start":{"line":142,"column":2},"end":{"line":142,"column":41}},"type":"if","locations":[{"start":{"line":142,"column":2},"end":{"line":142,"column":41}},{"start":{"line":142,"column":2},"end":{"line":142,"column":41}}],"line":142}},"s":{"0":1,"1":1,"2":1,"3":1,"4":17,"5":17,"6":17,"7":17,"8":17,"9":17,"10":17,"11":15,"12":1,"13":14,"14":17,"15":17,"16":17,"17":17,"18":17,"19":17,"20":17,"21":17,"22":1,"23":5,"24":9,"25":1,"26":9,"27":9,"28":1,"29":18,"30":18,"31":19,"32":18,"33":1,"34":17,"35":17,"36":17,"37":17,"38":14,"39":3,"40":3,"41":3,"42":3,"43":1,"44":2,"45":1,"46":14,"47":6,"48":17,"49":68,"50":17,"51":68,"52":17,"53":3,"54":2,"55":2,"56":17,"57":17,"58":17,"59":6,"60":11,"61":11,"62":11,"63":11,"64":1,"65":11,"66":10,"67":1},"f":{"0":17,"1":15,"2":17,"3":5,"4":9,"5":18,"6":19,"7":17,"8":14,"9":17,"10":68,"11":17,"12":68,"13":17,"14":3,"15":2,"16":17,"17":11},"b":{"0":[1],"1":[17,6],"2":[1,14],"3":[1,8],"4":[1,17],"5":[14,3],"6":[1,2],"7":[17],"8":[4,13],"9":[6,11],"10":[1,10],"11":[11,1],"12":[10,1]},"_coverageSchema":"332fd63041d2c1bcb487cc26dd0d5f7d97098a6c","hash":"2f6ddf49c60e0dd231ba3643f6f9f3d7042ff9b0"}
,"/Users/arash/Documents/work/vue-notyfy/src/mixins/colorable.js": {"path":"/Users/arash/Documents/work/vue-notyfy/src/mixins/colorable.js","statementMap":{"0":{"start":{"line":2,"column":2},"end":{"line":2,"column":70}},"1":{"start":{"line":5,"column":18},"end":{"line":24,"column":1}},"2":{"start":{"line":11,"column":6},"end":{"line":11,"column":37}},"3":{"start":{"line":11,"column":30},"end":{"line":11,"column":37}},"4":{"start":{"line":12,"column":6},"end":{"line":15,"column":8}},"5":{"start":{"line":18,"column":6},"end":{"line":18,"column":37}},"6":{"start":{"line":18,"column":30},"end":{"line":18,"column":37}},"7":{"start":{"line":19,"column":6},"end":{"line":21,"column":8}}},"fnMap":{"0":{"name":"isCssColor","decl":{"start":{"line":1,"column":9},"end":{"line":1,"column":19}},"loc":{"start":{"line":1,"column":28},"end":{"line":3,"column":1}},"line":1}},"branchMap":{"0":{"loc":{"start":{"line":2,"column":9},"end":{"line":2,"column":69}},"type":"binary-expr","locations":[{"start":{"line":2,"column":9},"end":{"line":2,"column":23}},{"start":{"line":2,"column":27},"end":{"line":2,"column":69}}],"line":2},"1":{"loc":{"start":{"line":11,"column":6},"end":{"line":11,"column":37}},"type":"if","locations":[{"start":{"line":11,"column":6},"end":{"line":11,"column":37}},{"start":{"line":11,"column":6},"end":{"line":11,"column":37}}],"line":11},"2":{"loc":{"start":{"line":18,"column":6},"end":{"line":18,"column":37}},"type":"if","locations":[{"start":{"line":18,"column":6},"end":{"line":18,"column":37}},{"start":{"line":18,"column":6},"end":{"line":18,"column":37}}],"line":18}},"s":{"0":70,"1":3,"2":68,"3":33,"4":35,"5":2,"6":1,"7":1},"f":{"0":70},"b":{"0":[70,38],"1":[33,35],"2":[1,1]},"_coverageSchema":"332fd63041d2c1bcb487cc26dd0d5f7d97098a6c","hash":"06656be745e13001522d64a1a4f5d11886a0616b"}
,"/Users/arash/Documents/work/vue-notyfy/src/mixins/positionable.js": {"path":"/Users/arash/Documents/work/vue-notyfy/src/mixins/positionable.js","statementMap":{"0":{"start":{"line":1,"column":21},"end":{"line":9,"column":1}}},"fnMap":{},"branchMap":{},"s":{"0":3},"f":{},"b":{},"_coverageSchema":"332fd63041d2c1bcb487cc26dd0d5f7d97098a6c","hash":"72f3a61a7e873ffa8f310bfca0bf153b488f2439"}
,"/Users/arash/Documents/work/vue-notyfy/src/mixins/toggleable.js": {"path":"/Users/arash/Documents/work/vue-notyfy/src/mixins/toggleable.js","statementMap":{"0":{"start":{"line":1,"column":19},"end":{"line":23,"column":1}},"1":{"start":{"line":9,"column":15},"end":{"line":11,"column":3}},"2":{"start":{"line":15,"column":8},"end":{"line":15,"column":28}},"3":{"start":{"line":20,"column":6},"end":{"line":20,"column":53}}},"fnMap":{"0":{"name":"(anonymous_0)","decl":{"start":{"line":9,"column":8},"end":{"line":9,"column":9}},"loc":{"start":{"line":9,"column":15},"end":{"line":11,"column":3}},"line":9}},"branchMap":{"0":{"loc":{"start":{"line":20,"column":6},"end":{"line":20,"column":52}},"type":"binary-expr","locations":[{"start":{"line":20,"column":6},"end":{"line":20,"column":24}},{"start":{"line":20,"column":28},"end":{"line":20,"column":52}}],"line":20}},"s":{"0":3,"1":52,"2":69,"3":33},"f":{"0":52},"b":{"0":[33,16]},"_coverageSchema":"332fd63041d2c1bcb487cc26dd0d5f7d97098a6c","hash":"865820113ecaef9319cfbf9bec5531442c510817"}
}
