TN:
SF:/Users/arash/Documents/work/vue-notyfy/src/components/Notification/NotificationItem.vue
FN:68,_default
FN:72,data
FN:77,classes
FN:89,verticalProperty
FN:92,positionStyle
FN:98,wrapperStyle
FN:105,iconStyle
FN:111,iconType
FN:117,(anonymous_14)
FN:116,_callee
FN:125,(anonymous_18)
FN:124,setTimeout
FN:128,(anonymous_22)
FN:132,destroyElement
FN:136,close
FNF:15
FNH:15
FNDA:38,_default
FNDA:47,data
FNDA:79,classes
FNDA:47,verticalProperty
FNDA:47,positionStyle
FNDA:47,wrapperStyle
FNDA:19,iconStyle
FNDA:47,iconType
FNDA:2,(anonymous_14)
FNDA:316,_callee
FNDA:2,(anonymous_18)
FNDA:158,setTimeout
FNDA:8,(anonymous_22)
FNDA:1,destroyElement
FNDA:7,close
DA:36,2
DA:37,2
DA:38,2
DA:40,2
DA:68,38
DA:72,47
DA:78,79
DA:90,47
DA:93,47
DA:98,141
DA:100,47
DA:105,19
DA:107,19
DA:112,47
DA:116,715
DA:119,79
DA:124,83
DA:125,79
DA:126,79
DA:127,118
DA:128,40
DA:129,8
DA:133,1
DA:134,1
DA:137,7
LF:25
LH:25
BRDA:82,0,0,79
BRDA:82,0,1,77
BRDA:90,1,0,10
BRDA:90,1,1,37
BRDA:100,2,0,47
BRDA:100,2,1,47
BRDA:100,3,0,47
BRDA:100,3,1,45
BRDA:107,4,0,19
BRDA:107,4,1,19
BRDA:112,5,0,47
BRDA:112,5,1,18
BRDA:116,6,0,79
BRDA:116,6,1,79
BRDA:116,6,2,79
BRDA:116,6,3,79
BRDA:127,7,0,118
BRDA:127,7,1,96
BRF:18
BRH:18
end_of_record
TN:
SF:/Users/arash/Documents/work/vue-notyfy/src/components/Notification/index.js
FN:16,(anonymous_0)
FN:31,(anonymous_1)
FN:44,(anonymous_2)
FN:52,(anonymous_3)
FN:53,(anonymous_4)
FN:64,(anonymous_5)
FN:66,(anonymous_6)
FN:69,(anonymous_7)
FN:88,(anonymous_8)
FN:101,getPositionsFromOptions
FN:104,(anonymous_10)
FN:108,setPositionName
FN:110,(anonymous_12)
FN:114,getVerticalOffset
FN:116,(anonymous_14)
FN:117,(anonymous_15)
FN:123,mergeOptionsWithParams
FN:136,(anonymous_17)
FNF:18
FNH:18
FNDA:17,(anonymous_0)
FNDA:15,(anonymous_1)
FNDA:17,(anonymous_2)
FNDA:5,(anonymous_3)
FNDA:9,(anonymous_4)
FNDA:18,(anonymous_5)
FNDA:19,(anonymous_6)
FNDA:17,(anonymous_7)
FNDA:14,(anonymous_8)
FNDA:17,getPositionsFromOptions
FNDA:68,(anonymous_10)
FNDA:17,setPositionName
FNDA:68,(anonymous_12)
FNDA:17,getVerticalOffset
FNDA:3,(anonymous_14)
FNDA:2,(anonymous_15)
FNDA:17,mergeOptionsWithParams
FNDA:11,(anonymous_17)
DA:10,1
DA:13,1
DA:14,1
DA:16,1
DA:17,17
DA:18,17
DA:19,17
DA:20,17
DA:21,17
DA:23,17
DA:31,17
DA:32,15
DA:33,14
DA:38,17
DA:40,17
DA:41,17
DA:42,17
DA:44,17
DA:45,17
DA:48,17
DA:49,17
DA:52,1
DA:53,5
DA:54,9
DA:55,1
DA:59,9
DA:60,9
DA:64,1
DA:65,18
DA:66,19
DA:67,18
DA:69,17
DA:70,17
DA:72,17
DA:74,3
DA:75,3
DA:78,3
DA:79,3
DA:80,2
DA:88,1
DA:89,14
DA:90,6
DA:102,17
DA:104,68
DA:109,17
DA:110,68
DA:115,17
DA:116,3
DA:118,2
DA:119,2
DA:125,17
DA:126,17
DA:133,17
DA:134,11
DA:135,11
DA:136,11
DA:137,11
DA:138,1
DA:142,11
DA:144,1
LF:60
LH:60
BRDA:16,0,0,1
BRDA:17,1,0,17
BRDA:17,1,1,6
BRDA:32,2,0,1
BRDA:32,2,1,14
BRDA:54,3,0,1
BRDA:54,3,1,8
BRDA:67,4,0,1
BRDA:67,4,1,17
BRDA:72,5,0,14
BRDA:72,5,1,3
BRDA:79,6,0,1
BRDA:79,6,1,2
BRDA:114,7,0,17
BRDA:125,8,0,4
BRDA:125,8,1,13
BRDA:133,9,0,6
BRDA:133,9,1,11
BRDA:137,10,0,1
BRDA:137,10,1,10
BRDA:137,11,0,11
BRDA:137,11,1,1
BRDA:142,12,0,10
BRDA:142,12,1,1
BRF:24
BRH:24
end_of_record
TN:
SF:/Users/arash/Documents/work/vue-notyfy/src/mixins/colorable.js
FN:1,isCssColor
FNF:1
FNH:1
FNDA:70,isCssColor
DA:2,70
DA:5,3
DA:11,68
DA:12,35
DA:18,2
DA:19,1
LF:6
LH:6
BRDA:2,0,0,70
BRDA:2,0,1,38
BRDA:11,1,0,33
BRDA:11,1,1,35
BRDA:18,2,0,1
BRDA:18,2,1,1
BRF:6
BRH:6
end_of_record
TN:
SF:/Users/arash/Documents/work/vue-notyfy/src/mixins/positionable.js
FNF:0
FNH:0
DA:1,3
LF:1
LH:1
BRF:0
BRH:0
end_of_record
TN:
SF:/Users/arash/Documents/work/vue-notyfy/src/mixins/toggleable.js
FN:9,(anonymous_0)
FNF:1
FNH:1
FNDA:52,(anonymous_0)
DA:1,3
DA:9,52
DA:15,69
DA:20,33
LF:4
LH:4
BRDA:20,0,0,33
BRDA:20,0,1,16
BRF:2
BRH:2
end_of_record
